<?xml version="1.0" encoding="UTF-8"?>
<!-- Generated by org.testng.reporters.JUnitReportReporter -->
<testsuite skipped="1" hostname="DESKTOP-A2HUG71" name="tests.SearchEmailInInbox" tests="2" failures="0" timestamp="08 Sep 2019 16:24:30 GMT" time="16.380" errors="0">
  <testcase name="searchEmailInInbox" time="11.086" classname="tests.SearchEmailInInbox"/>
  <testcase name="searchEmailInInbox" time="5.294" classname="tests.SearchEmailInInbox">
    <skipped/>
  </testcase> <!-- searchEmailInInbox -->
</testsuite> <!-- tests.SearchEmailInInbox -->
