<?xml version="1.0" encoding="UTF-8"?>
<!-- Generated by org.testng.reporters.JUnitReportReporter -->
<testsuite skipped="0" hostname="DESKTOP-A2HUG71" name="tests.TC_01" tests="1" failures="0" timestamp="03 Sep 2019 14:57:48 GMT" time="0.353" errors="0">
  <testcase name="test" time="0.353" classname="tests.TC_01"/>
</testsuite> <!-- tests.TC_01 -->
