<?xml version="1.0" encoding="UTF-8"?>
<!-- Generated by org.testng.reporters.JUnitReportReporter -->
<testsuite skipped="0" hostname="DESKTOP-A2HUG71" name="tests.GmailLoginFails" tests="1" failures="0" timestamp="08 Sep 2019 16:24:30 GMT" time="10.676" errors="0">
  <testcase name="loginFails" time="10.676" classname="tests.GmailLoginFails"/>
</testsuite> <!-- tests.GmailLoginFails -->
