<?xml version="1.0" encoding="UTF-8"?>
<!-- Generated by org.testng.reporters.JUnitReportReporter -->
<testsuite skipped="0" hostname="DESKTOP-A2HUG71" name="common.ChromeZoom" tests="1" failures="0" timestamp="10 Sep 2019 18:52:06 GMT" time="40.673" errors="0">
  <testcase name="validateChromeZoom" time="40.673" classname="common.ChromeZoom"/>
</testsuite> <!-- common.ChromeZoom -->
