<?xml version="1.0" encoding="UTF-8"?>
<!-- Generated by org.testng.reporters.JUnitReportReporter -->
<testsuite skipped="0" hostname="DESKTOP-A2HUG71" name="tests.GmailLoginFails" tests="1" failures="0" timestamp="08 Sep 2019 17:16:48 GMT" time="10.482" errors="0">
  <testcase name="loginFails" time="10.482" classname="tests.GmailLoginFails"/>
</testsuite> <!-- tests.GmailLoginFails -->
