<?xml version="1.0" encoding="UTF-8"?>
<!-- Generated by org.testng.reporters.JUnitReportReporter -->
<testsuite skipped="0" hostname="DESKTOP-A2HUG71" name="tests.TC_01" tests="1" failures="0" timestamp="03 Sep 2019 18:18:36 GMT" time="2.388" errors="0">
  <testcase name="test" time="2.388" classname="tests.TC_01"/>
</testsuite> <!-- tests.TC_01 -->
