<?xml version="1.0" encoding="UTF-8"?>
<!-- Generated by org.testng.reporters.JUnitReportReporter -->
<testsuite skipped="1" hostname="DESKTOP-A2HUG71" name="tests.SearchEmailInInbox" tests="2" failures="0" timestamp="08 Sep 2019 17:16:48 GMT" time="16.845" errors="0">
  <testcase name="searchEmailInInbox" time="6.083" classname="tests.SearchEmailInInbox">
    <skipped/>
  </testcase> <!-- searchEmailInInbox -->
  <testcase name="searchEmailInInbox" time="10.762" classname="tests.SearchEmailInInbox"/>
</testsuite> <!-- tests.SearchEmailInInbox -->
